2024-02-16T10:17:19+00:00 CRITICAL Uncaught RuntimeException: Unable to claim actions. Database error: Table 'baseapp.wp_actionscheduler_actions' doesn't exist. in /home/vagrant/wordpress/wordpress/wp-content/plugins/woocommerce/packages/action-scheduler/classes/data-stores/ActionScheduler_DBStore.php:942
Stack trace:
#0 /home/vagrant/wordpress/wordpress/wp-content/plugins/woocommerce/packages/action-scheduler/classes/data-stores/ActionScheduler_DBStore.php(799): ActionScheduler_DBStore->claim_actions()
#1 /home/vagrant/wordpress/wordpress/wp-content/plugins/woocommerce/packages/action-scheduler/classes/data-stores/ActionScheduler_HybridStore.php(221): ActionScheduler_DBStore->stake_claim()
#2 /home/vagrant/wordpress/wordpress/wp-content/plugins/woocommerce/packages/action-scheduler/classes/ActionScheduler_QueueRunner.php(160): ActionScheduler_HybridStore->stake_claim()
#3 /home/vagrant/wordpress/wordpress/wp-content/plugins/woocommerce/packages/action-scheduler/classes/ActionScheduler_QueueRunner.php(139): ActionScheduler_QueueRunner->do_batch()
#4 /home/vagrant/wordpress/wordpress/wp-includes/class-wp-hook.php(324): ActionScheduler_QueueRunner->run()
#5 /home/vagrant/wordpress/wordpress/wp-includes/class-wp-hook.php(348): WP_Hook->apply_filters()
#6 /home/vagrant/wordpress/wordpress/wp-includes/plugin.php(565): WP_Hook->do_action()
#7 /home/vagrant/wordpress/wordpress/wp-cron.php(191): do_action_ref_array()
#8 {main}
  thrown in /home/vagrant/wordpress/wordpress/wp-content/plugins/woocommerce/packages/action-scheduler/classes/data-stores/ActionScheduler_DBStore.php on line 942

2024-02-16T10:18:33+00:00 CRITICAL Uncaught Error: Call to undefined function WordfenceLS\get_current_site() in /home/vagrant/wordpress/wordpress/wp-content/plugins/wordfence/modules/login-security/classes/controller/permissions.php:128
Stack trace:
#0 /home/vagrant/wordpress/wordpress/wp-includes/class-wp-hook.php(324): WordfenceLS\Controller_Permissions->_role_sync_cron()
#1 /home/vagrant/wordpress/wordpress/wp-includes/class-wp-hook.php(348): WP_Hook->apply_filters()
#2 /home/vagrant/wordpress/wordpress/wp-includes/plugin.php(565): WP_Hook->do_action()
#3 /home/vagrant/wordpress/wordpress/wp-cron.php(191): do_action_ref_array()
#4 {main}
  thrown in /home/vagrant/wordpress/wordpress/wp-content/plugins/wordfence/modules/login-security/classes/controller/permissions.php on line 128

2024-02-16T10:19:34+00:00 CRITICAL Uncaught Error: Call to undefined function WordfenceLS\get_current_site() in /home/vagrant/wordpress/wordpress/wp-content/plugins/wordfence/modules/login-security/classes/controller/permissions.php:128
Stack trace:
#0 /home/vagrant/wordpress/wordpress/wp-includes/class-wp-hook.php(324): WordfenceLS\Controller_Permissions->_role_sync_cron()
#1 /home/vagrant/wordpress/wordpress/wp-includes/class-wp-hook.php(348): WP_Hook->apply_filters()
#2 /home/vagrant/wordpress/wordpress/wp-includes/plugin.php(565): WP_Hook->do_action()
#3 /home/vagrant/wordpress/wordpress/wp-cron.php(191): do_action_ref_array()
#4 {main}
  thrown in /home/vagrant/wordpress/wordpress/wp-content/plugins/wordfence/modules/login-security/classes/controller/permissions.php on line 128

2024-02-16T10:20:55+00:00 CRITICAL Uncaught RuntimeException: Unable to claim actions. Database error: Table 'baseapp.wp_actionscheduler_actions' doesn't exist. in /home/vagrant/wordpress/wordpress/wp-content/plugins/woocommerce/packages/action-scheduler/classes/data-stores/ActionScheduler_DBStore.php:942
Stack trace:
#0 /home/vagrant/wordpress/wordpress/wp-content/plugins/woocommerce/packages/action-scheduler/classes/data-stores/ActionScheduler_DBStore.php(799): ActionScheduler_DBStore->claim_actions()
#1 /home/vagrant/wordpress/wordpress/wp-content/plugins/woocommerce/packages/action-scheduler/classes/data-stores/ActionScheduler_HybridStore.php(221): ActionScheduler_DBStore->stake_claim()
#2 /home/vagrant/wordpress/wordpress/wp-content/plugins/woocommerce/packages/action-scheduler/classes/ActionScheduler_QueueRunner.php(160): ActionScheduler_HybridStore->stake_claim()
#3 /home/vagrant/wordpress/wordpress/wp-content/plugins/woocommerce/packages/action-scheduler/classes/ActionScheduler_QueueRunner.php(139): ActionScheduler_QueueRunner->do_batch()
#4 /home/vagrant/wordpress/wordpress/wp-includes/class-wp-hook.php(324): ActionScheduler_QueueRunner->run()
#5 /home/vagrant/wordpress/wordpress/wp-includes/class-wp-hook.php(348): WP_Hook->apply_filters()
#6 /home/vagrant/wordpress/wordpress/wp-includes/plugin.php(565): WP_Hook->do_action()
#7 /home/vagrant/wordpress/wordpress/wp-cron.php(191): do_action_ref_array()
#8 {main}
  thrown in /home/vagrant/wordpress/wordpress/wp-content/plugins/woocommerce/packages/action-scheduler/classes/data-stores/ActionScheduler_DBStore.php on line 942

2024-02-16T10:23:19+00:00 CRITICAL Uncaught RuntimeException: Unable to claim actions. Database error: Table 'baseapp.wp_actionscheduler_actions' doesn't exist. in /home/vagrant/wordpress/wordpress/wp-content/plugins/woocommerce/packages/action-scheduler/classes/data-stores/ActionScheduler_DBStore.php:942
Stack trace:
#0 /home/vagrant/wordpress/wordpress/wp-content/plugins/woocommerce/packages/action-scheduler/classes/data-stores/ActionScheduler_DBStore.php(799): ActionScheduler_DBStore->claim_actions()
#1 /home/vagrant/wordpress/wordpress/wp-content/plugins/woocommerce/packages/action-scheduler/classes/data-stores/ActionScheduler_HybridStore.php(221): ActionScheduler_DBStore->stake_claim()
#2 /home/vagrant/wordpress/wordpress/wp-content/plugins/woocommerce/packages/action-scheduler/classes/ActionScheduler_QueueRunner.php(160): ActionScheduler_HybridStore->stake_claim()
#3 /home/vagrant/wordpress/wordpress/wp-content/plugins/woocommerce/packages/action-scheduler/classes/ActionScheduler_QueueRunner.php(139): ActionScheduler_QueueRunner->do_batch()
#4 /home/vagrant/wordpress/wordpress/wp-includes/class-wp-hook.php(324): ActionScheduler_QueueRunner->run()
#5 /home/vagrant/wordpress/wordpress/wp-includes/class-wp-hook.php(348): WP_Hook->apply_filters()
#6 /home/vagrant/wordpress/wordpress/wp-includes/plugin.php(565): WP_Hook->do_action()
#7 /home/vagrant/wordpress/wordpress/wp-cron.php(191): do_action_ref_array()
#8 {main}
  thrown in /home/vagrant/wordpress/wordpress/wp-content/plugins/woocommerce/packages/action-scheduler/classes/data-stores/ActionScheduler_DBStore.php on line 942

2024-02-16T10:25:20+00:00 CRITICAL Uncaught RuntimeException: Unable to claim actions. Database error: Table 'baseapp.wp_actionscheduler_actions' doesn't exist. in /home/vagrant/wordpress/wordpress/wp-content/plugins/woocommerce/packages/action-scheduler/classes/data-stores/ActionScheduler_DBStore.php:942
Stack trace:
#0 /home/vagrant/wordpress/wordpress/wp-content/plugins/woocommerce/packages/action-scheduler/classes/data-stores/ActionScheduler_DBStore.php(799): ActionScheduler_DBStore->claim_actions()
#1 /home/vagrant/wordpress/wordpress/wp-content/plugins/woocommerce/packages/action-scheduler/classes/data-stores/ActionScheduler_HybridStore.php(221): ActionScheduler_DBStore->stake_claim()
#2 /home/vagrant/wordpress/wordpress/wp-content/plugins/woocommerce/packages/action-scheduler/classes/ActionScheduler_QueueRunner.php(160): ActionScheduler_HybridStore->stake_claim()
#3 /home/vagrant/wordpress/wordpress/wp-content/plugins/woocommerce/packages/action-scheduler/classes/ActionScheduler_QueueRunner.php(139): ActionScheduler_QueueRunner->do_batch()
#4 /home/vagrant/wordpress/wordpress/wp-includes/class-wp-hook.php(324): ActionScheduler_QueueRunner->run()
#5 /home/vagrant/wordpress/wordpress/wp-includes/class-wp-hook.php(348): WP_Hook->apply_filters()
#6 /home/vagrant/wordpress/wordpress/wp-includes/plugin.php(565): WP_Hook->do_action()
#7 /home/vagrant/wordpress/wordpress/wp-cron.php(191): do_action_ref_array()
#8 {main}
  thrown in /home/vagrant/wordpress/wordpress/wp-content/plugins/woocommerce/packages/action-scheduler/classes/data-stores/ActionScheduler_DBStore.php on line 942

2024-02-16T10:27:20+00:00 CRITICAL Uncaught RuntimeException: Unable to claim actions. Database error: Table 'baseapp.wp_actionscheduler_actions' doesn't exist. in /home/vagrant/wordpress/wordpress/wp-content/plugins/woocommerce/packages/action-scheduler/classes/data-stores/ActionScheduler_DBStore.php:942
Stack trace:
#0 /home/vagrant/wordpress/wordpress/wp-content/plugins/woocommerce/packages/action-scheduler/classes/data-stores/ActionScheduler_DBStore.php(799): ActionScheduler_DBStore->claim_actions()
#1 /home/vagrant/wordpress/wordpress/wp-content/plugins/woocommerce/packages/action-scheduler/classes/data-stores/ActionScheduler_HybridStore.php(221): ActionScheduler_DBStore->stake_claim()
#2 /home/vagrant/wordpress/wordpress/wp-content/plugins/woocommerce/packages/action-scheduler/classes/ActionScheduler_QueueRunner.php(160): ActionScheduler_HybridStore->stake_claim()
#3 /home/vagrant/wordpress/wordpress/wp-content/plugins/woocommerce/packages/action-scheduler/classes/ActionScheduler_QueueRunner.php(139): ActionScheduler_QueueRunner->do_batch()
#4 /home/vagrant/wordpress/wordpress/wp-includes/class-wp-hook.php(324): ActionScheduler_QueueRunner->run()
#5 /home/vagrant/wordpress/wordpress/wp-includes/class-wp-hook.php(348): WP_Hook->apply_filters()
#6 /home/vagrant/wordpress/wordpress/wp-includes/plugin.php(565): WP_Hook->do_action()
#7 /home/vagrant/wordpress/wordpress/wp-cron.php(191): do_action_ref_array()
#8 {main}
  thrown in /home/vagrant/wordpress/wordpress/wp-content/plugins/woocommerce/packages/action-scheduler/classes/data-stores/ActionScheduler_DBStore.php on line 942

2024-02-16T10:29:20+00:00 CRITICAL Uncaught RuntimeException: Unable to claim actions. Database error: Table 'baseapp.wp_actionscheduler_actions' doesn't exist. in /home/vagrant/wordpress/wordpress/wp-content/plugins/woocommerce/packages/action-scheduler/classes/data-stores/ActionScheduler_DBStore.php:942
Stack trace:
#0 /home/vagrant/wordpress/wordpress/wp-content/plugins/woocommerce/packages/action-scheduler/classes/data-stores/ActionScheduler_DBStore.php(799): ActionScheduler_DBStore->claim_actions()
#1 /home/vagrant/wordpress/wordpress/wp-content/plugins/woocommerce/packages/action-scheduler/classes/data-stores/ActionScheduler_HybridStore.php(221): ActionScheduler_DBStore->stake_claim()
#2 /home/vagrant/wordpress/wordpress/wp-content/plugins/woocommerce/packages/action-scheduler/classes/ActionScheduler_QueueRunner.php(160): ActionScheduler_HybridStore->stake_claim()
#3 /home/vagrant/wordpress/wordpress/wp-content/plugins/woocommerce/packages/action-scheduler/classes/ActionScheduler_QueueRunner.php(139): ActionScheduler_QueueRunner->do_batch()
#4 /home/vagrant/wordpress/wordpress/wp-includes/class-wp-hook.php(324): ActionScheduler_QueueRunner->run()
#5 /home/vagrant/wordpress/wordpress/wp-includes/class-wp-hook.php(348): WP_Hook->apply_filters()
#6 /home/vagrant/wordpress/wordpress/wp-includes/plugin.php(565): WP_Hook->do_action()
#7 /home/vagrant/wordpress/wordpress/wp-cron.php(191): do_action_ref_array()
#8 {main}
  thrown in /home/vagrant/wordpress/wordpress/wp-content/plugins/woocommerce/packages/action-scheduler/classes/data-stores/ActionScheduler_DBStore.php on line 942

2024-02-16T10:32:23+00:00 CRITICAL Uncaught RuntimeException: Unable to claim actions. Database error: Table 'baseapp.wp_actionscheduler_actions' doesn't exist. in /home/vagrant/wordpress/wordpress/wp-content/plugins/woocommerce/packages/action-scheduler/classes/data-stores/ActionScheduler_DBStore.php:942
Stack trace:
#0 /home/vagrant/wordpress/wordpress/wp-content/plugins/woocommerce/packages/action-scheduler/classes/data-stores/ActionScheduler_DBStore.php(799): ActionScheduler_DBStore->claim_actions()
#1 /home/vagrant/wordpress/wordpress/wp-content/plugins/woocommerce/packages/action-scheduler/classes/data-stores/ActionScheduler_HybridStore.php(221): ActionScheduler_DBStore->stake_claim()
#2 /home/vagrant/wordpress/wordpress/wp-content/plugins/woocommerce/packages/action-scheduler/classes/ActionScheduler_QueueRunner.php(160): ActionScheduler_HybridStore->stake_claim()
#3 /home/vagrant/wordpress/wordpress/wp-content/plugins/woocommerce/packages/action-scheduler/classes/ActionScheduler_QueueRunner.php(139): ActionScheduler_QueueRunner->do_batch()
#4 /home/vagrant/wordpress/wordpress/wp-includes/class-wp-hook.php(324): ActionScheduler_QueueRunner->run()
#5 /home/vagrant/wordpress/wordpress/wp-includes/class-wp-hook.php(348): WP_Hook->apply_filters()
#6 /home/vagrant/wordpress/wordpress/wp-includes/plugin.php(565): WP_Hook->do_action()
#7 /home/vagrant/wordpress/wordpress/wp-cron.php(191): do_action_ref_array()
#8 {main}
  thrown in /home/vagrant/wordpress/wordpress/wp-content/plugins/woocommerce/packages/action-scheduler/classes/data-stores/ActionScheduler_DBStore.php on line 942

2024-02-16T10:34:22+00:00 CRITICAL Uncaught RuntimeException: Unable to claim actions. Database error: Table 'baseapp.wp_actionscheduler_actions' doesn't exist. in /home/vagrant/wordpress/wordpress/wp-content/plugins/woocommerce/packages/action-scheduler/classes/data-stores/ActionScheduler_DBStore.php:942
Stack trace:
#0 /home/vagrant/wordpress/wordpress/wp-content/plugins/woocommerce/packages/action-scheduler/classes/data-stores/ActionScheduler_DBStore.php(799): ActionScheduler_DBStore->claim_actions()
#1 /home/vagrant/wordpress/wordpress/wp-content/plugins/woocommerce/packages/action-scheduler/classes/data-stores/ActionScheduler_HybridStore.php(221): ActionScheduler_DBStore->stake_claim()
#2 /home/vagrant/wordpress/wordpress/wp-content/plugins/woocommerce/packages/action-scheduler/classes/ActionScheduler_QueueRunner.php(160): ActionScheduler_HybridStore->stake_claim()
#3 /home/vagrant/wordpress/wordpress/wp-content/plugins/woocommerce/packages/action-scheduler/classes/ActionScheduler_QueueRunner.php(139): ActionScheduler_QueueRunner->do_batch()
#4 /home/vagrant/wordpress/wordpress/wp-includes/class-wp-hook.php(324): ActionScheduler_QueueRunner->run()
#5 /home/vagrant/wordpress/wordpress/wp-includes/class-wp-hook.php(348): WP_Hook->apply_filters()
#6 /home/vagrant/wordpress/wordpress/wp-includes/plugin.php(565): WP_Hook->do_action()
#7 /home/vagrant/wordpress/wordpress/wp-cron.php(191): do_action_ref_array()
#8 {main}
  thrown in /home/vagrant/wordpress/wordpress/wp-content/plugins/woocommerce/packages/action-scheduler/classes/data-stores/ActionScheduler_DBStore.php on line 942

2024-02-16T10:36:24+00:00 CRITICAL Uncaught RuntimeException: Unable to claim actions. Database error: Table 'baseapp.wp_actionscheduler_actions' doesn't exist. in /home/vagrant/wordpress/wordpress/wp-content/plugins/woocommerce/packages/action-scheduler/classes/data-stores/ActionScheduler_DBStore.php:942
Stack trace:
#0 /home/vagrant/wordpress/wordpress/wp-content/plugins/woocommerce/packages/action-scheduler/classes/data-stores/ActionScheduler_DBStore.php(799): ActionScheduler_DBStore->claim_actions()
#1 /home/vagrant/wordpress/wordpress/wp-content/plugins/woocommerce/packages/action-scheduler/classes/data-stores/ActionScheduler_HybridStore.php(221): ActionScheduler_DBStore->stake_claim()
#2 /home/vagrant/wordpress/wordpress/wp-content/plugins/woocommerce/packages/action-scheduler/classes/ActionScheduler_QueueRunner.php(160): ActionScheduler_HybridStore->stake_claim()
#3 /home/vagrant/wordpress/wordpress/wp-content/plugins/woocommerce/packages/action-scheduler/classes/ActionScheduler_QueueRunner.php(139): ActionScheduler_QueueRunner->do_batch()
#4 /home/vagrant/wordpress/wordpress/wp-includes/class-wp-hook.php(324): ActionScheduler_QueueRunner->run()
#5 /home/vagrant/wordpress/wordpress/wp-includes/class-wp-hook.php(348): WP_Hook->apply_filters()
#6 /home/vagrant/wordpress/wordpress/wp-includes/plugin.php(565): WP_Hook->do_action()
#7 /home/vagrant/wordpress/wordpress/wp-cron.php(191): do_action_ref_array()
#8 {main}
  thrown in /home/vagrant/wordpress/wordpress/wp-content/plugins/woocommerce/packages/action-scheduler/classes/data-stores/ActionScheduler_DBStore.php on line 942

2024-02-16T10:38:24+00:00 CRITICAL Uncaught RuntimeException: Unable to claim actions. Database error: Table 'baseapp.wp_actionscheduler_actions' doesn't exist. in /home/vagrant/wordpress/wordpress/wp-content/plugins/woocommerce/packages/action-scheduler/classes/data-stores/ActionScheduler_DBStore.php:942
Stack trace:
#0 /home/vagrant/wordpress/wordpress/wp-content/plugins/woocommerce/packages/action-scheduler/classes/data-stores/ActionScheduler_DBStore.php(799): ActionScheduler_DBStore->claim_actions()
#1 /home/vagrant/wordpress/wordpress/wp-content/plugins/woocommerce/packages/action-scheduler/classes/data-stores/ActionScheduler_HybridStore.php(221): ActionScheduler_DBStore->stake_claim()
#2 /home/vagrant/wordpress/wordpress/wp-content/plugins/woocommerce/packages/action-scheduler/classes/ActionScheduler_QueueRunner.php(160): ActionScheduler_HybridStore->stake_claim()
#3 /home/vagrant/wordpress/wordpress/wp-content/plugins/woocommerce/packages/action-scheduler/classes/ActionScheduler_QueueRunner.php(139): ActionScheduler_QueueRunner->do_batch()
#4 /home/vagrant/wordpress/wordpress/wp-includes/class-wp-hook.php(324): ActionScheduler_QueueRunner->run()
#5 /home/vagrant/wordpress/wordpress/wp-includes/class-wp-hook.php(348): WP_Hook->apply_filters()
#6 /home/vagrant/wordpress/wordpress/wp-includes/plugin.php(565): WP_Hook->do_action()
#7 /home/vagrant/wordpress/wordpress/wp-cron.php(191): do_action_ref_array()
#8 {main}
  thrown in /home/vagrant/wordpress/wordpress/wp-content/plugins/woocommerce/packages/action-scheduler/classes/data-stores/ActionScheduler_DBStore.php on line 942

2024-02-16T10:58:26+00:00 CRITICAL Uncaught RuntimeException: Unable to claim actions. Database error: Table 'baseapp.wp_actionscheduler_actions' doesn't exist. in /home/vagrant/wordpress/wordpress/wp-content/plugins/woocommerce/packages/action-scheduler/classes/data-stores/ActionScheduler_DBStore.php:942
Stack trace:
#0 /home/vagrant/wordpress/wordpress/wp-content/plugins/woocommerce/packages/action-scheduler/classes/data-stores/ActionScheduler_DBStore.php(799): ActionScheduler_DBStore->claim_actions()
#1 /home/vagrant/wordpress/wordpress/wp-content/plugins/woocommerce/packages/action-scheduler/classes/data-stores/ActionScheduler_HybridStore.php(221): ActionScheduler_DBStore->stake_claim()
#2 /home/vagrant/wordpress/wordpress/wp-content/plugins/woocommerce/packages/action-scheduler/classes/ActionScheduler_QueueRunner.php(160): ActionScheduler_HybridStore->stake_claim()
#3 /home/vagrant/wordpress/wordpress/wp-content/plugins/woocommerce/packages/action-scheduler/classes/ActionScheduler_QueueRunner.php(139): ActionScheduler_QueueRunner->do_batch()
#4 /home/vagrant/wordpress/wordpress/wp-includes/class-wp-hook.php(324): ActionScheduler_QueueRunner->run()
#5 /home/vagrant/wordpress/wordpress/wp-includes/class-wp-hook.php(348): WP_Hook->apply_filters()
#6 /home/vagrant/wordpress/wordpress/wp-includes/plugin.php(565): WP_Hook->do_action()
#7 /home/vagrant/wordpress/wordpress/wp-cron.php(191): do_action_ref_array()
#8 {main}
  thrown in /home/vagrant/wordpress/wordpress/wp-content/plugins/woocommerce/packages/action-scheduler/classes/data-stores/ActionScheduler_DBStore.php on line 942

2024-02-16T11:00:27+00:00 CRITICAL Uncaught Error: Call to undefined function WordfenceLS\get_current_site() in /home/vagrant/wordpress/wordpress/wp-content/plugins/wordfence/modules/login-security/classes/controller/permissions.php:128
Stack trace:
#0 /home/vagrant/wordpress/wordpress/wp-includes/class-wp-hook.php(324): WordfenceLS\Controller_Permissions->_role_sync_cron()
#1 /home/vagrant/wordpress/wordpress/wp-includes/class-wp-hook.php(348): WP_Hook->apply_filters()
#2 /home/vagrant/wordpress/wordpress/wp-includes/plugin.php(565): WP_Hook->do_action()
#3 /home/vagrant/wordpress/wordpress/wp-cron.php(191): do_action_ref_array()
#4 {main}
  thrown in /home/vagrant/wordpress/wordpress/wp-content/plugins/wordfence/modules/login-security/classes/controller/permissions.php on line 128

2024-02-16T11:02:28+00:00 CRITICAL Uncaught RuntimeException: Unable to claim actions. Database error: Table 'baseapp.wp_actionscheduler_actions' doesn't exist. in /home/vagrant/wordpress/wordpress/wp-content/plugins/woocommerce/packages/action-scheduler/classes/data-stores/ActionScheduler_DBStore.php:942
Stack trace:
#0 /home/vagrant/wordpress/wordpress/wp-content/plugins/woocommerce/packages/action-scheduler/classes/data-stores/ActionScheduler_DBStore.php(799): ActionScheduler_DBStore->claim_actions()
#1 /home/vagrant/wordpress/wordpress/wp-content/plugins/woocommerce/packages/action-scheduler/classes/data-stores/ActionScheduler_HybridStore.php(221): ActionScheduler_DBStore->stake_claim()
#2 /home/vagrant/wordpress/wordpress/wp-content/plugins/woocommerce/packages/action-scheduler/classes/ActionScheduler_QueueRunner.php(160): ActionScheduler_HybridStore->stake_claim()
#3 /home/vagrant/wordpress/wordpress/wp-content/plugins/woocommerce/packages/action-scheduler/classes/ActionScheduler_QueueRunner.php(139): ActionScheduler_QueueRunner->do_batch()
#4 /home/vagrant/wordpress/wordpress/wp-includes/class-wp-hook.php(324): ActionScheduler_QueueRunner->run()
#5 /home/vagrant/wordpress/wordpress/wp-includes/class-wp-hook.php(348): WP_Hook->apply_filters()
#6 /home/vagrant/wordpress/wordpress/wp-includes/plugin.php(565): WP_Hook->do_action()
#7 /home/vagrant/wordpress/wordpress/wp-cron.php(191): do_action_ref_array()
#8 {main}
  thrown in /home/vagrant/wordpress/wordpress/wp-content/plugins/woocommerce/packages/action-scheduler/classes/data-stores/ActionScheduler_DBStore.php on line 942

2024-02-16T11:04:28+00:00 CRITICAL Uncaught RuntimeException: Unable to claim actions. Database error: Table 'baseapp.wp_actionscheduler_actions' doesn't exist. in /home/vagrant/wordpress/wordpress/wp-content/plugins/woocommerce/packages/action-scheduler/classes/data-stores/ActionScheduler_DBStore.php:942
Stack trace:
#0 /home/vagrant/wordpress/wordpress/wp-content/plugins/woocommerce/packages/action-scheduler/classes/data-stores/ActionScheduler_DBStore.php(799): ActionScheduler_DBStore->claim_actions()
#1 /home/vagrant/wordpress/wordpress/wp-content/plugins/woocommerce/packages/action-scheduler/classes/data-stores/ActionScheduler_HybridStore.php(221): ActionScheduler_DBStore->stake_claim()
#2 /home/vagrant/wordpress/wordpress/wp-content/plugins/woocommerce/packages/action-scheduler/classes/ActionScheduler_QueueRunner.php(160): ActionScheduler_HybridStore->stake_claim()
#3 /home/vagrant/wordpress/wordpress/wp-content/plugins/woocommerce/packages/action-scheduler/classes/ActionScheduler_QueueRunner.php(139): ActionScheduler_QueueRunner->do_batch()
#4 /home/vagrant/wordpress/wordpress/wp-includes/class-wp-hook.php(324): ActionScheduler_QueueRunner->run()
#5 /home/vagrant/wordpress/wordpress/wp-includes/class-wp-hook.php(348): WP_Hook->apply_filters()
#6 /home/vagrant/wordpress/wordpress/wp-includes/plugin.php(565): WP_Hook->do_action()
#7 /home/vagrant/wordpress/wordpress/wp-cron.php(191): do_action_ref_array()
#8 {main}
  thrown in /home/vagrant/wordpress/wordpress/wp-content/plugins/woocommerce/packages/action-scheduler/classes/data-stores/ActionScheduler_DBStore.php on line 942

2024-02-16T11:06:29+00:00 CRITICAL Uncaught RuntimeException: Unable to claim actions. Database error: Table 'baseapp.wp_actionscheduler_actions' doesn't exist. in /home/vagrant/wordpress/wordpress/wp-content/plugins/woocommerce/packages/action-scheduler/classes/data-stores/ActionScheduler_DBStore.php:942
Stack trace:
#0 /home/vagrant/wordpress/wordpress/wp-content/plugins/woocommerce/packages/action-scheduler/classes/data-stores/ActionScheduler_DBStore.php(799): ActionScheduler_DBStore->claim_actions()
#1 /home/vagrant/wordpress/wordpress/wp-content/plugins/woocommerce/packages/action-scheduler/classes/data-stores/ActionScheduler_HybridStore.php(221): ActionScheduler_DBStore->stake_claim()
#2 /home/vagrant/wordpress/wordpress/wp-content/plugins/woocommerce/packages/action-scheduler/classes/ActionScheduler_QueueRunner.php(160): ActionScheduler_HybridStore->stake_claim()
#3 /home/vagrant/wordpress/wordpress/wp-content/plugins/woocommerce/packages/action-scheduler/classes/ActionScheduler_QueueRunner.php(139): ActionScheduler_QueueRunner->do_batch()
#4 /home/vagrant/wordpress/wordpress/wp-includes/class-wp-hook.php(324): ActionScheduler_QueueRunner->run()
#5 /home/vagrant/wordpress/wordpress/wp-includes/class-wp-hook.php(348): WP_Hook->apply_filters()
#6 /home/vagrant/wordpress/wordpress/wp-includes/plugin.php(565): WP_Hook->do_action()
#7 /home/vagrant/wordpress/wordpress/wp-cron.php(191): do_action_ref_array()
#8 {main}
  thrown in /home/vagrant/wordpress/wordpress/wp-content/plugins/woocommerce/packages/action-scheduler/classes/data-stores/ActionScheduler_DBStore.php on line 942

2024-02-16T11:08:29+00:00 CRITICAL Uncaught RuntimeException: Unable to claim actions. Database error: Table 'baseapp.wp_actionscheduler_actions' doesn't exist. in /home/vagrant/wordpress/wordpress/wp-content/plugins/woocommerce/packages/action-scheduler/classes/data-stores/ActionScheduler_DBStore.php:942
Stack trace:
#0 /home/vagrant/wordpress/wordpress/wp-content/plugins/woocommerce/packages/action-scheduler/classes/data-stores/ActionScheduler_DBStore.php(799): ActionScheduler_DBStore->claim_actions()
#1 /home/vagrant/wordpress/wordpress/wp-content/plugins/woocommerce/packages/action-scheduler/classes/data-stores/ActionScheduler_HybridStore.php(221): ActionScheduler_DBStore->stake_claim()
#2 /home/vagrant/wordpress/wordpress/wp-content/plugins/woocommerce/packages/action-scheduler/classes/ActionScheduler_QueueRunner.php(160): ActionScheduler_HybridStore->stake_claim()
#3 /home/vagrant/wordpress/wordpress/wp-content/plugins/woocommerce/packages/action-scheduler/classes/ActionScheduler_QueueRunner.php(139): ActionScheduler_QueueRunner->do_batch()
#4 /home/vagrant/wordpress/wordpress/wp-includes/class-wp-hook.php(324): ActionScheduler_QueueRunner->run()
#5 /home/vagrant/wordpress/wordpress/wp-includes/class-wp-hook.php(348): WP_Hook->apply_filters()
#6 /home/vagrant/wordpress/wordpress/wp-includes/plugin.php(565): WP_Hook->do_action()
#7 /home/vagrant/wordpress/wordpress/wp-cron.php(191): do_action_ref_array()
#8 {main}
  thrown in /home/vagrant/wordpress/wordpress/wp-content/plugins/woocommerce/packages/action-scheduler/classes/data-stores/ActionScheduler_DBStore.php on line 942

2024-02-16T11:10:29+00:00 CRITICAL Uncaught RuntimeException: Unable to claim actions. Database error: Table 'baseapp.wp_actionscheduler_actions' doesn't exist. in /home/vagrant/wordpress/wordpress/wp-content/plugins/woocommerce/packages/action-scheduler/classes/data-stores/ActionScheduler_DBStore.php:942
Stack trace:
#0 /home/vagrant/wordpress/wordpress/wp-content/plugins/woocommerce/packages/action-scheduler/classes/data-stores/ActionScheduler_DBStore.php(799): ActionScheduler_DBStore->claim_actions()
#1 /home/vagrant/wordpress/wordpress/wp-content/plugins/woocommerce/packages/action-scheduler/classes/data-stores/ActionScheduler_HybridStore.php(221): ActionScheduler_DBStore->stake_claim()
#2 /home/vagrant/wordpress/wordpress/wp-content/plugins/woocommerce/packages/action-scheduler/classes/ActionScheduler_QueueRunner.php(160): ActionScheduler_HybridStore->stake_claim()
#3 /home/vagrant/wordpress/wordpress/wp-content/plugins/woocommerce/packages/action-scheduler/classes/ActionScheduler_QueueRunner.php(139): ActionScheduler_QueueRunner->do_batch()
#4 /home/vagrant/wordpress/wordpress/wp-includes/class-wp-hook.php(324): ActionScheduler_QueueRunner->run()
#5 /home/vagrant/wordpress/wordpress/wp-includes/class-wp-hook.php(348): WP_Hook->apply_filters()
#6 /home/vagrant/wordpress/wordpress/wp-includes/plugin.php(565): WP_Hook->do_action()
#7 /home/vagrant/wordpress/wordpress/wp-cron.php(191): do_action_ref_array()
#8 {main}
  thrown in /home/vagrant/wordpress/wordpress/wp-content/plugins/woocommerce/packages/action-scheduler/classes/data-stores/ActionScheduler_DBStore.php on line 942

2024-02-16T11:12:30+00:00 CRITICAL Uncaught RuntimeException: Unable to claim actions. Database error: Table 'baseapp.wp_actionscheduler_actions' doesn't exist. in /home/vagrant/wordpress/wordpress/wp-content/plugins/woocommerce/packages/action-scheduler/classes/data-stores/ActionScheduler_DBStore.php:942
Stack trace:
#0 /home/vagrant/wordpress/wordpress/wp-content/plugins/woocommerce/packages/action-scheduler/classes/data-stores/ActionScheduler_DBStore.php(799): ActionScheduler_DBStore->claim_actions()
#1 /home/vagrant/wordpress/wordpress/wp-content/plugins/woocommerce/packages/action-scheduler/classes/data-stores/ActionScheduler_HybridStore.php(221): ActionScheduler_DBStore->stake_claim()
#2 /home/vagrant/wordpress/wordpress/wp-content/plugins/woocommerce/packages/action-scheduler/classes/ActionScheduler_QueueRunner.php(160): ActionScheduler_HybridStore->stake_claim()
#3 /home/vagrant/wordpress/wordpress/wp-content/plugins/woocommerce/packages/action-scheduler/classes/ActionScheduler_QueueRunner.php(139): ActionScheduler_QueueRunner->do_batch()
#4 /home/vagrant/wordpress/wordpress/wp-includes/class-wp-hook.php(324): ActionScheduler_QueueRunner->run()
#5 /home/vagrant/wordpress/wordpress/wp-includes/class-wp-hook.php(348): WP_Hook->apply_filters()
#6 /home/vagrant/wordpress/wordpress/wp-includes/plugin.php(565): WP_Hook->do_action()
#7 /home/vagrant/wordpress/wordpress/wp-cron.php(191): do_action_ref_array()
#8 {main}
  thrown in /home/vagrant/wordpress/wordpress/wp-content/plugins/woocommerce/packages/action-scheduler/classes/data-stores/ActionScheduler_DBStore.php on line 942

2024-02-16T11:14:32+00:00 CRITICAL Uncaught RuntimeException: Unable to claim actions. Database error: Table 'baseapp.wp_actionscheduler_actions' doesn't exist. in /home/vagrant/wordpress/wordpress/wp-content/plugins/woocommerce/packages/action-scheduler/classes/data-stores/ActionScheduler_DBStore.php:942
Stack trace:
#0 /home/vagrant/wordpress/wordpress/wp-content/plugins/woocommerce/packages/action-scheduler/classes/data-stores/ActionScheduler_DBStore.php(799): ActionScheduler_DBStore->claim_actions()
#1 /home/vagrant/wordpress/wordpress/wp-content/plugins/woocommerce/packages/action-scheduler/classes/data-stores/ActionScheduler_HybridStore.php(221): ActionScheduler_DBStore->stake_claim()
#2 /home/vagrant/wordpress/wordpress/wp-content/plugins/woocommerce/packages/action-scheduler/classes/ActionScheduler_QueueRunner.php(160): ActionScheduler_HybridStore->stake_claim()
#3 /home/vagrant/wordpress/wordpress/wp-content/plugins/woocommerce/packages/action-scheduler/classes/ActionScheduler_QueueRunner.php(139): ActionScheduler_QueueRunner->do_batch()
#4 /home/vagrant/wordpress/wordpress/wp-includes/class-wp-hook.php(324): ActionScheduler_QueueRunner->run()
#5 /home/vagrant/wordpress/wordpress/wp-includes/class-wp-hook.php(348): WP_Hook->apply_filters()
#6 /home/vagrant/wordpress/wordpress/wp-includes/plugin.php(565): WP_Hook->do_action()
#7 /home/vagrant/wordpress/wordpress/wp-cron.php(191): do_action_ref_array()
#8 {main}
  thrown in /home/vagrant/wordpress/wordpress/wp-content/plugins/woocommerce/packages/action-scheduler/classes/data-stores/ActionScheduler_DBStore.php on line 942

2024-02-16T11:16:33+00:00 CRITICAL Uncaught RuntimeException: Unable to claim actions. Database error: Table 'baseapp.wp_actionscheduler_actions' doesn't exist. in /home/vagrant/wordpress/wordpress/wp-content/plugins/woocommerce/packages/action-scheduler/classes/data-stores/ActionScheduler_DBStore.php:942
Stack trace:
#0 /home/vagrant/wordpress/wordpress/wp-content/plugins/woocommerce/packages/action-scheduler/classes/data-stores/ActionScheduler_DBStore.php(799): ActionScheduler_DBStore->claim_actions()
#1 /home/vagrant/wordpress/wordpress/wp-content/plugins/woocommerce/packages/action-scheduler/classes/data-stores/ActionScheduler_HybridStore.php(221): ActionScheduler_DBStore->stake_claim()
#2 /home/vagrant/wordpress/wordpress/wp-content/plugins/woocommerce/packages/action-scheduler/classes/ActionScheduler_QueueRunner.php(160): ActionScheduler_HybridStore->stake_claim()
#3 /home/vagrant/wordpress/wordpress/wp-content/plugins/woocommerce/packages/action-scheduler/classes/ActionScheduler_QueueRunner.php(139): ActionScheduler_QueueRunner->do_batch()
#4 /home/vagrant/wordpress/wordpress/wp-includes/class-wp-hook.php(324): ActionScheduler_QueueRunner->run()
#5 /home/vagrant/wordpress/wordpress/wp-includes/class-wp-hook.php(348): WP_Hook->apply_filters()
#6 /home/vagrant/wordpress/wordpress/wp-includes/plugin.php(565): WP_Hook->do_action()
#7 /home/vagrant/wordpress/wordpress/wp-cron.php(191): do_action_ref_array()
#8 {main}
  thrown in /home/vagrant/wordpress/wordpress/wp-content/plugins/woocommerce/packages/action-scheduler/classes/data-stores/ActionScheduler_DBStore.php on line 942

2024-02-16T11:18:33+00:00 CRITICAL Uncaught RuntimeException: Unable to claim actions. Database error: Table 'baseapp.wp_actionscheduler_actions' doesn't exist. in /home/vagrant/wordpress/wordpress/wp-content/plugins/woocommerce/packages/action-scheduler/classes/data-stores/ActionScheduler_DBStore.php:942
Stack trace:
#0 /home/vagrant/wordpress/wordpress/wp-content/plugins/woocommerce/packages/action-scheduler/classes/data-stores/ActionScheduler_DBStore.php(799): ActionScheduler_DBStore->claim_actions()
#1 /home/vagrant/wordpress/wordpress/wp-content/plugins/woocommerce/packages/action-scheduler/classes/data-stores/ActionScheduler_HybridStore.php(221): ActionScheduler_DBStore->stake_claim()
#2 /home/vagrant/wordpress/wordpress/wp-content/plugins/woocommerce/packages/action-scheduler/classes/ActionScheduler_QueueRunner.php(160): ActionScheduler_HybridStore->stake_claim()
#3 /home/vagrant/wordpress/wordpress/wp-content/plugins/woocommerce/packages/action-scheduler/classes/ActionScheduler_QueueRunner.php(139): ActionScheduler_QueueRunner->do_batch()
#4 /home/vagrant/wordpress/wordpress/wp-includes/class-wp-hook.php(324): ActionScheduler_QueueRunner->run()
#5 /home/vagrant/wordpress/wordpress/wp-includes/class-wp-hook.php(348): WP_Hook->apply_filters()
#6 /home/vagrant/wordpress/wordpress/wp-includes/plugin.php(565): WP_Hook->do_action()
#7 /home/vagrant/wordpress/wordpress/wp-cron.php(191): do_action_ref_array()
#8 {main}
  thrown in /home/vagrant/wordpress/wordpress/wp-content/plugins/woocommerce/packages/action-scheduler/classes/data-stores/ActionScheduler_DBStore.php on line 942

2024-02-16T11:20:35+00:00 CRITICAL Uncaught RuntimeException: Unable to claim actions. Database error: Table 'baseapp.wp_actionscheduler_actions' doesn't exist. in /home/vagrant/wordpress/wordpress/wp-content/plugins/woocommerce/packages/action-scheduler/classes/data-stores/ActionScheduler_DBStore.php:942
Stack trace:
#0 /home/vagrant/wordpress/wordpress/wp-content/plugins/woocommerce/packages/action-scheduler/classes/data-stores/ActionScheduler_DBStore.php(799): ActionScheduler_DBStore->claim_actions()
#1 /home/vagrant/wordpress/wordpress/wp-content/plugins/woocommerce/packages/action-scheduler/classes/data-stores/ActionScheduler_HybridStore.php(221): ActionScheduler_DBStore->stake_claim()
#2 /home/vagrant/wordpress/wordpress/wp-content/plugins/woocommerce/packages/action-scheduler/classes/ActionScheduler_QueueRunner.php(160): ActionScheduler_HybridStore->stake_claim()
#3 /home/vagrant/wordpress/wordpress/wp-content/plugins/woocommerce/packages/action-scheduler/classes/ActionScheduler_QueueRunner.php(139): ActionScheduler_QueueRunner->do_batch()
#4 /home/vagrant/wordpress/wordpress/wp-includes/class-wp-hook.php(324): ActionScheduler_QueueRunner->run()
#5 /home/vagrant/wordpress/wordpress/wp-includes/class-wp-hook.php(348): WP_Hook->apply_filters()
#6 /home/vagrant/wordpress/wordpress/wp-includes/plugin.php(565): WP_Hook->do_action()
#7 /home/vagrant/wordpress/wordpress/wp-cron.php(191): do_action_ref_array()
#8 {main}
  thrown in /home/vagrant/wordpress/wordpress/wp-content/plugins/woocommerce/packages/action-scheduler/classes/data-stores/ActionScheduler_DBStore.php on line 942

2024-02-16T11:22:35+00:00 CRITICAL Uncaught RuntimeException: Unable to claim actions. Database error: Table 'baseapp.wp_actionscheduler_actions' doesn't exist. in /home/vagrant/wordpress/wordpress/wp-content/plugins/woocommerce/packages/action-scheduler/classes/data-stores/ActionScheduler_DBStore.php:942
Stack trace:
#0 /home/vagrant/wordpress/wordpress/wp-content/plugins/woocommerce/packages/action-scheduler/classes/data-stores/ActionScheduler_DBStore.php(799): ActionScheduler_DBStore->claim_actions()
#1 /home/vagrant/wordpress/wordpress/wp-content/plugins/woocommerce/packages/action-scheduler/classes/data-stores/ActionScheduler_HybridStore.php(221): ActionScheduler_DBStore->stake_claim()
#2 /home/vagrant/wordpress/wordpress/wp-content/plugins/woocommerce/packages/action-scheduler/classes/ActionScheduler_QueueRunner.php(160): ActionScheduler_HybridStore->stake_claim()
#3 /home/vagrant/wordpress/wordpress/wp-content/plugins/woocommerce/packages/action-scheduler/classes/ActionScheduler_QueueRunner.php(139): ActionScheduler_QueueRunner->do_batch()
#4 /home/vagrant/wordpress/wordpress/wp-includes/class-wp-hook.php(324): ActionScheduler_QueueRunner->run()
#5 /home/vagrant/wordpress/wordpress/wp-includes/class-wp-hook.php(348): WP_Hook->apply_filters()
#6 /home/vagrant/wordpress/wordpress/wp-includes/plugin.php(565): WP_Hook->do_action()
#7 /home/vagrant/wordpress/wordpress/wp-cron.php(191): do_action_ref_array()
#8 {main}
  thrown in /home/vagrant/wordpress/wordpress/wp-content/plugins/woocommerce/packages/action-scheduler/classes/data-stores/ActionScheduler_DBStore.php on line 942

2024-02-16T11:24:36+00:00 CRITICAL Uncaught RuntimeException: Unable to claim actions. Database error: Table 'baseapp.wp_actionscheduler_actions' doesn't exist. in /home/vagrant/wordpress/wordpress/wp-content/plugins/woocommerce/packages/action-scheduler/classes/data-stores/ActionScheduler_DBStore.php:942
Stack trace:
#0 /home/vagrant/wordpress/wordpress/wp-content/plugins/woocommerce/packages/action-scheduler/classes/data-stores/ActionScheduler_DBStore.php(799): ActionScheduler_DBStore->claim_actions()
#1 /home/vagrant/wordpress/wordpress/wp-content/plugins/woocommerce/packages/action-scheduler/classes/data-stores/ActionScheduler_HybridStore.php(221): ActionScheduler_DBStore->stake_claim()
#2 /home/vagrant/wordpress/wordpress/wp-content/plugins/woocommerce/packages/action-scheduler/classes/ActionScheduler_QueueRunner.php(160): ActionScheduler_HybridStore->stake_claim()
#3 /home/vagrant/wordpress/wordpress/wp-content/plugins/woocommerce/packages/action-scheduler/classes/ActionScheduler_QueueRunner.php(139): ActionScheduler_QueueRunner->do_batch()
#4 /home/vagrant/wordpress/wordpress/wp-includes/class-wp-hook.php(324): ActionScheduler_QueueRunner->run()
#5 /home/vagrant/wordpress/wordpress/wp-includes/class-wp-hook.php(348): WP_Hook->apply_filters()
#6 /home/vagrant/wordpress/wordpress/wp-includes/plugin.php(565): WP_Hook->do_action()
#7 /home/vagrant/wordpress/wordpress/wp-cron.php(191): do_action_ref_array()
#8 {main}
  thrown in /home/vagrant/wordpress/wordpress/wp-content/plugins/woocommerce/packages/action-scheduler/classes/data-stores/ActionScheduler_DBStore.php on line 942

2024-02-16T11:26:37+00:00 CRITICAL Uncaught RuntimeException: Unable to claim actions. Database error: Table 'baseapp.wp_actionscheduler_actions' doesn't exist. in /home/vagrant/wordpress/wordpress/wp-content/plugins/woocommerce/packages/action-scheduler/classes/data-stores/ActionScheduler_DBStore.php:942
Stack trace:
#0 /home/vagrant/wordpress/wordpress/wp-content/plugins/woocommerce/packages/action-scheduler/classes/data-stores/ActionScheduler_DBStore.php(799): ActionScheduler_DBStore->claim_actions()
#1 /home/vagrant/wordpress/wordpress/wp-content/plugins/woocommerce/packages/action-scheduler/classes/data-stores/ActionScheduler_HybridStore.php(221): ActionScheduler_DBStore->stake_claim()
#2 /home/vagrant/wordpress/wordpress/wp-content/plugins/woocommerce/packages/action-scheduler/classes/ActionScheduler_QueueRunner.php(160): ActionScheduler_HybridStore->stake_claim()
#3 /home/vagrant/wordpress/wordpress/wp-content/plugins/woocommerce/packages/action-scheduler/classes/ActionScheduler_QueueRunner.php(139): ActionScheduler_QueueRunner->do_batch()
#4 /home/vagrant/wordpress/wordpress/wp-includes/class-wp-hook.php(324): ActionScheduler_QueueRunner->run()
#5 /home/vagrant/wordpress/wordpress/wp-includes/class-wp-hook.php(348): WP_Hook->apply_filters()
#6 /home/vagrant/wordpress/wordpress/wp-includes/plugin.php(565): WP_Hook->do_action()
#7 /home/vagrant/wordpress/wordpress/wp-cron.php(191): do_action_ref_array()
#8 {main}
  thrown in /home/vagrant/wordpress/wordpress/wp-content/plugins/woocommerce/packages/action-scheduler/classes/data-stores/ActionScheduler_DBStore.php on line 942

2024-02-16T11:28:38+00:00 CRITICAL Uncaught RuntimeException: Unable to claim actions. Database error: Table 'baseapp.wp_actionscheduler_actions' doesn't exist. in /home/vagrant/wordpress/wordpress/wp-content/plugins/woocommerce/packages/action-scheduler/classes/data-stores/ActionScheduler_DBStore.php:942
Stack trace:
#0 /home/vagrant/wordpress/wordpress/wp-content/plugins/woocommerce/packages/action-scheduler/classes/data-stores/ActionScheduler_DBStore.php(799): ActionScheduler_DBStore->claim_actions()
#1 /home/vagrant/wordpress/wordpress/wp-content/plugins/woocommerce/packages/action-scheduler/classes/data-stores/ActionScheduler_HybridStore.php(221): ActionScheduler_DBStore->stake_claim()
#2 /home/vagrant/wordpress/wordpress/wp-content/plugins/woocommerce/packages/action-scheduler/classes/ActionScheduler_QueueRunner.php(160): ActionScheduler_HybridStore->stake_claim()
#3 /home/vagrant/wordpress/wordpress/wp-content/plugins/woocommerce/packages/action-scheduler/classes/ActionScheduler_QueueRunner.php(139): ActionScheduler_QueueRunner->do_batch()
#4 /home/vagrant/wordpress/wordpress/wp-includes/class-wp-hook.php(324): ActionScheduler_QueueRunner->run()
#5 /home/vagrant/wordpress/wordpress/wp-includes/class-wp-hook.php(348): WP_Hook->apply_filters()
#6 /home/vagrant/wordpress/wordpress/wp-includes/plugin.php(565): WP_Hook->do_action()
#7 /home/vagrant/wordpress/wordpress/wp-cron.php(191): do_action_ref_array()
#8 {main}
  thrown in /home/vagrant/wordpress/wordpress/wp-content/plugins/woocommerce/packages/action-scheduler/classes/data-stores/ActionScheduler_DBStore.php on line 942

2024-02-16T11:30:39+00:00 CRITICAL Uncaught RuntimeException: Unable to claim actions. Database error: Table 'baseapp.wp_actionscheduler_actions' doesn't exist. in /home/vagrant/wordpress/wordpress/wp-content/plugins/woocommerce/packages/action-scheduler/classes/data-stores/ActionScheduler_DBStore.php:942
Stack trace:
#0 /home/vagrant/wordpress/wordpress/wp-content/plugins/woocommerce/packages/action-scheduler/classes/data-stores/ActionScheduler_DBStore.php(799): ActionScheduler_DBStore->claim_actions()
#1 /home/vagrant/wordpress/wordpress/wp-content/plugins/woocommerce/packages/action-scheduler/classes/data-stores/ActionScheduler_HybridStore.php(221): ActionScheduler_DBStore->stake_claim()
#2 /home/vagrant/wordpress/wordpress/wp-content/plugins/woocommerce/packages/action-scheduler/classes/ActionScheduler_QueueRunner.php(160): ActionScheduler_HybridStore->stake_claim()
#3 /home/vagrant/wordpress/wordpress/wp-content/plugins/woocommerce/packages/action-scheduler/classes/ActionScheduler_QueueRunner.php(139): ActionScheduler_QueueRunner->do_batch()
#4 /home/vagrant/wordpress/wordpress/wp-includes/class-wp-hook.php(324): ActionScheduler_QueueRunner->run()
#5 /home/vagrant/wordpress/wordpress/wp-includes/class-wp-hook.php(348): WP_Hook->apply_filters()
#6 /home/vagrant/wordpress/wordpress/wp-includes/plugin.php(565): WP_Hook->do_action()
#7 /home/vagrant/wordpress/wordpress/wp-cron.php(191): do_action_ref_array()
#8 {main}
  thrown in /home/vagrant/wordpress/wordpress/wp-content/plugins/woocommerce/packages/action-scheduler/classes/data-stores/ActionScheduler_DBStore.php on line 942

2024-02-16T11:31:49+00:00 CRITICAL Uncaught RuntimeException: Unable to claim actions. Database error: Table 'baseapp.wp_actionscheduler_actions' doesn't exist. in /home/vagrant/wordpress/wordpress/wp-content/plugins/woocommerce/packages/action-scheduler/classes/data-stores/ActionScheduler_DBStore.php:942
Stack trace:
#0 /home/vagrant/wordpress/wordpress/wp-content/plugins/woocommerce/packages/action-scheduler/classes/data-stores/ActionScheduler_DBStore.php(799): ActionScheduler_DBStore->claim_actions()
#1 /home/vagrant/wordpress/wordpress/wp-content/plugins/woocommerce/packages/action-scheduler/classes/data-stores/ActionScheduler_HybridStore.php(221): ActionScheduler_DBStore->stake_claim()
#2 /home/vagrant/wordpress/wordpress/wp-content/plugins/woocommerce/packages/action-scheduler/classes/ActionScheduler_QueueRunner.php(160): ActionScheduler_HybridStore->stake_claim()
#3 /home/vagrant/wordpress/wordpress/wp-content/plugins/woocommerce/packages/action-scheduler/classes/ActionScheduler_QueueRunner.php(139): ActionScheduler_QueueRunner->do_batch()
#4 /home/vagrant/wordpress/wordpress/wp-includes/class-wp-hook.php(324): ActionScheduler_QueueRunner->run()
#5 /home/vagrant/wordpress/wordpress/wp-includes/class-wp-hook.php(348): WP_Hook->apply_filters()
#6 /home/vagrant/wordpress/wordpress/wp-includes/plugin.php(565): WP_Hook->do_action()
#7 /home/vagrant/wordpress/wordpress/wp-cron.php(191): do_action_ref_array()
#8 {main}
  thrown in /home/vagrant/wordpress/wordpress/wp-content/plugins/woocommerce/packages/action-scheduler/classes/data-stores/ActionScheduler_DBStore.php on line 942

2024-02-16T11:33:49+00:00 CRITICAL Uncaught RuntimeException: Unable to claim actions. Database error: Table 'baseapp.wp_actionscheduler_actions' doesn't exist. in /home/vagrant/wordpress/wordpress/wp-content/plugins/woocommerce/packages/action-scheduler/classes/data-stores/ActionScheduler_DBStore.php:942
Stack trace:
#0 /home/vagrant/wordpress/wordpress/wp-content/plugins/woocommerce/packages/action-scheduler/classes/data-stores/ActionScheduler_DBStore.php(799): ActionScheduler_DBStore->claim_actions()
#1 /home/vagrant/wordpress/wordpress/wp-content/plugins/woocommerce/packages/action-scheduler/classes/data-stores/ActionScheduler_HybridStore.php(221): ActionScheduler_DBStore->stake_claim()
#2 /home/vagrant/wordpress/wordpress/wp-content/plugins/woocommerce/packages/action-scheduler/classes/ActionScheduler_QueueRunner.php(160): ActionScheduler_HybridStore->stake_claim()
#3 /home/vagrant/wordpress/wordpress/wp-content/plugins/woocommerce/packages/action-scheduler/classes/ActionScheduler_QueueRunner.php(139): ActionScheduler_QueueRunner->do_batch()
#4 /home/vagrant/wordpress/wordpress/wp-includes/class-wp-hook.php(324): ActionScheduler_QueueRunner->run()
#5 /home/vagrant/wordpress/wordpress/wp-includes/class-wp-hook.php(348): WP_Hook->apply_filters()
#6 /home/vagrant/wordpress/wordpress/wp-includes/plugin.php(565): WP_Hook->do_action()
#7 /home/vagrant/wordpress/wordpress/wp-cron.php(191): do_action_ref_array()
#8 {main}
  thrown in /home/vagrant/wordpress/wordpress/wp-content/plugins/woocommerce/packages/action-scheduler/classes/data-stores/ActionScheduler_DBStore.php on line 942

2024-02-16T11:35:51+00:00 CRITICAL Uncaught RuntimeException: Unable to claim actions. Database error: Table 'baseapp.wp_actionscheduler_actions' doesn't exist. in /home/vagrant/wordpress/wordpress/wp-content/plugins/woocommerce/packages/action-scheduler/classes/data-stores/ActionScheduler_DBStore.php:942
Stack trace:
#0 /home/vagrant/wordpress/wordpress/wp-content/plugins/woocommerce/packages/action-scheduler/classes/data-stores/ActionScheduler_DBStore.php(799): ActionScheduler_DBStore->claim_actions()
#1 /home/vagrant/wordpress/wordpress/wp-content/plugins/woocommerce/packages/action-scheduler/classes/data-stores/ActionScheduler_HybridStore.php(221): ActionScheduler_DBStore->stake_claim()
#2 /home/vagrant/wordpress/wordpress/wp-content/plugins/woocommerce/packages/action-scheduler/classes/ActionScheduler_QueueRunner.php(160): ActionScheduler_HybridStore->stake_claim()
#3 /home/vagrant/wordpress/wordpress/wp-content/plugins/woocommerce/packages/action-scheduler/classes/ActionScheduler_QueueRunner.php(139): ActionScheduler_QueueRunner->do_batch()
#4 /home/vagrant/wordpress/wordpress/wp-includes/class-wp-hook.php(324): ActionScheduler_QueueRunner->run()
#5 /home/vagrant/wordpress/wordpress/wp-includes/class-wp-hook.php(348): WP_Hook->apply_filters()
#6 /home/vagrant/wordpress/wordpress/wp-includes/plugin.php(565): WP_Hook->do_action()
#7 /home/vagrant/wordpress/wordpress/wp-cron.php(191): do_action_ref_array()
#8 {main}
  thrown in /home/vagrant/wordpress/wordpress/wp-content/plugins/woocommerce/packages/action-scheduler/classes/data-stores/ActionScheduler_DBStore.php on line 942

2024-02-16T11:37:51+00:00 CRITICAL Uncaught RuntimeException: Unable to claim actions. Database error: Table 'baseapp.wp_actionscheduler_actions' doesn't exist. in /home/vagrant/wordpress/wordpress/wp-content/plugins/woocommerce/packages/action-scheduler/classes/data-stores/ActionScheduler_DBStore.php:942
Stack trace:
#0 /home/vagrant/wordpress/wordpress/wp-content/plugins/woocommerce/packages/action-scheduler/classes/data-stores/ActionScheduler_DBStore.php(799): ActionScheduler_DBStore->claim_actions()
#1 /home/vagrant/wordpress/wordpress/wp-content/plugins/woocommerce/packages/action-scheduler/classes/data-stores/ActionScheduler_HybridStore.php(221): ActionScheduler_DBStore->stake_claim()
#2 /home/vagrant/wordpress/wordpress/wp-content/plugins/woocommerce/packages/action-scheduler/classes/ActionScheduler_QueueRunner.php(160): ActionScheduler_HybridStore->stake_claim()
#3 /home/vagrant/wordpress/wordpress/wp-content/plugins/woocommerce/packages/action-scheduler/classes/ActionScheduler_QueueRunner.php(139): ActionScheduler_QueueRunner->do_batch()
#4 /home/vagrant/wordpress/wordpress/wp-includes/class-wp-hook.php(324): ActionScheduler_QueueRunner->run()
#5 /home/vagrant/wordpress/wordpress/wp-includes/class-wp-hook.php(348): WP_Hook->apply_filters()
#6 /home/vagrant/wordpress/wordpress/wp-includes/plugin.php(565): WP_Hook->do_action()
#7 /home/vagrant/wordpress/wordpress/wp-cron.php(191): do_action_ref_array()
#8 {main}
  thrown in /home/vagrant/wordpress/wordpress/wp-content/plugins/woocommerce/packages/action-scheduler/classes/data-stores/ActionScheduler_DBStore.php on line 942

2024-02-16T11:39:52+00:00 CRITICAL Uncaught RuntimeException: Unable to claim actions. Database error: Table 'baseapp.wp_actionscheduler_actions' doesn't exist. in /home/vagrant/wordpress/wordpress/wp-content/plugins/woocommerce/packages/action-scheduler/classes/data-stores/ActionScheduler_DBStore.php:942
Stack trace:
#0 /home/vagrant/wordpress/wordpress/wp-content/plugins/woocommerce/packages/action-scheduler/classes/data-stores/ActionScheduler_DBStore.php(799): ActionScheduler_DBStore->claim_actions()
#1 /home/vagrant/wordpress/wordpress/wp-content/plugins/woocommerce/packages/action-scheduler/classes/data-stores/ActionScheduler_HybridStore.php(221): ActionScheduler_DBStore->stake_claim()
#2 /home/vagrant/wordpress/wordpress/wp-content/plugins/woocommerce/packages/action-scheduler/classes/ActionScheduler_QueueRunner.php(160): ActionScheduler_HybridStore->stake_claim()
#3 /home/vagrant/wordpress/wordpress/wp-content/plugins/woocommerce/packages/action-scheduler/classes/ActionScheduler_QueueRunner.php(139): ActionScheduler_QueueRunner->do_batch()
#4 /home/vagrant/wordpress/wordpress/wp-includes/class-wp-hook.php(324): ActionScheduler_QueueRunner->run()
#5 /home/vagrant/wordpress/wordpress/wp-includes/class-wp-hook.php(348): WP_Hook->apply_filters()
#6 /home/vagrant/wordpress/wordpress/wp-includes/plugin.php(565): WP_Hook->do_action()
#7 /home/vagrant/wordpress/wordpress/wp-cron.php(191): do_action_ref_array()
#8 {main}
  thrown in /home/vagrant/wordpress/wordpress/wp-content/plugins/woocommerce/packages/action-scheduler/classes/data-stores/ActionScheduler_DBStore.php on line 942

2024-02-16T11:41:53+00:00 CRITICAL Uncaught RuntimeException: Unable to claim actions. Database error: Table 'baseapp.wp_actionscheduler_actions' doesn't exist. in /home/vagrant/wordpress/wordpress/wp-content/plugins/woocommerce/packages/action-scheduler/classes/data-stores/ActionScheduler_DBStore.php:942
Stack trace:
#0 /home/vagrant/wordpress/wordpress/wp-content/plugins/woocommerce/packages/action-scheduler/classes/data-stores/ActionScheduler_DBStore.php(799): ActionScheduler_DBStore->claim_actions()
#1 /home/vagrant/wordpress/wordpress/wp-content/plugins/woocommerce/packages/action-scheduler/classes/data-stores/ActionScheduler_HybridStore.php(221): ActionScheduler_DBStore->stake_claim()
#2 /home/vagrant/wordpress/wordpress/wp-content/plugins/woocommerce/packages/action-scheduler/classes/ActionScheduler_QueueRunner.php(160): ActionScheduler_HybridStore->stake_claim()
#3 /home/vagrant/wordpress/wordpress/wp-content/plugins/woocommerce/packages/action-scheduler/classes/ActionScheduler_QueueRunner.php(139): ActionScheduler_QueueRunner->do_batch()
#4 /home/vagrant/wordpress/wordpress/wp-includes/class-wp-hook.php(324): ActionScheduler_QueueRunner->run()
#5 /home/vagrant/wordpress/wordpress/wp-includes/class-wp-hook.php(348): WP_Hook->apply_filters()
#6 /home/vagrant/wordpress/wordpress/wp-includes/plugin.php(565): WP_Hook->do_action()
#7 /home/vagrant/wordpress/wordpress/wp-cron.php(191): do_action_ref_array()
#8 {main}
  thrown in /home/vagrant/wordpress/wordpress/wp-content/plugins/woocommerce/packages/action-scheduler/classes/data-stores/ActionScheduler_DBStore.php on line 942

2024-02-16T12:02:51+00:00 CRITICAL Uncaught RuntimeException: Unable to claim actions. Database error: Table 'baseapp.wp_actionscheduler_actions' doesn't exist. in /home/vagrant/wordpress/wordpress/wp-content/plugins/woocommerce/packages/action-scheduler/classes/data-stores/ActionScheduler_DBStore.php:942
Stack trace:
#0 /home/vagrant/wordpress/wordpress/wp-content/plugins/woocommerce/packages/action-scheduler/classes/data-stores/ActionScheduler_DBStore.php(799): ActionScheduler_DBStore->claim_actions()
#1 /home/vagrant/wordpress/wordpress/wp-content/plugins/woocommerce/packages/action-scheduler/classes/data-stores/ActionScheduler_HybridStore.php(221): ActionScheduler_DBStore->stake_claim()
#2 /home/vagrant/wordpress/wordpress/wp-content/plugins/woocommerce/packages/action-scheduler/classes/ActionScheduler_QueueRunner.php(160): ActionScheduler_HybridStore->stake_claim()
#3 /home/vagrant/wordpress/wordpress/wp-content/plugins/woocommerce/packages/action-scheduler/classes/ActionScheduler_QueueRunner.php(139): ActionScheduler_QueueRunner->do_batch()
#4 /home/vagrant/wordpress/wordpress/wp-includes/class-wp-hook.php(324): ActionScheduler_QueueRunner->run()
#5 /home/vagrant/wordpress/wordpress/wp-includes/class-wp-hook.php(348): WP_Hook->apply_filters()
#6 /home/vagrant/wordpress/wordpress/wp-includes/plugin.php(565): WP_Hook->do_action()
#7 /home/vagrant/wordpress/wordpress/wp-cron.php(191): do_action_ref_array()
#8 {main}
  thrown in /home/vagrant/wordpress/wordpress/wp-content/plugins/woocommerce/packages/action-scheduler/classes/data-stores/ActionScheduler_DBStore.php on line 942

2024-02-16T12:04:52+00:00 CRITICAL Uncaught Error: Call to undefined function WordfenceLS\get_current_site() in /home/vagrant/wordpress/wordpress/wp-content/plugins/wordfence/modules/login-security/classes/controller/permissions.php:128
Stack trace:
#0 /home/vagrant/wordpress/wordpress/wp-includes/class-wp-hook.php(324): WordfenceLS\Controller_Permissions->_role_sync_cron()
#1 /home/vagrant/wordpress/wordpress/wp-includes/class-wp-hook.php(348): WP_Hook->apply_filters()
#2 /home/vagrant/wordpress/wordpress/wp-includes/plugin.php(565): WP_Hook->do_action()
#3 /home/vagrant/wordpress/wordpress/wp-cron.php(191): do_action_ref_array()
#4 {main}
  thrown in /home/vagrant/wordpress/wordpress/wp-content/plugins/wordfence/modules/login-security/classes/controller/permissions.php on line 128

2024-02-16T12:06:53+00:00 CRITICAL Uncaught RuntimeException: Unable to claim actions. Database error: Table 'baseapp.wp_actionscheduler_actions' doesn't exist. in /home/vagrant/wordpress/wordpress/wp-content/plugins/woocommerce/packages/action-scheduler/classes/data-stores/ActionScheduler_DBStore.php:942
Stack trace:
#0 /home/vagrant/wordpress/wordpress/wp-content/plugins/woocommerce/packages/action-scheduler/classes/data-stores/ActionScheduler_DBStore.php(799): ActionScheduler_DBStore->claim_actions()
#1 /home/vagrant/wordpress/wordpress/wp-content/plugins/woocommerce/packages/action-scheduler/classes/data-stores/ActionScheduler_HybridStore.php(221): ActionScheduler_DBStore->stake_claim()
#2 /home/vagrant/wordpress/wordpress/wp-content/plugins/woocommerce/packages/action-scheduler/classes/ActionScheduler_QueueRunner.php(160): ActionScheduler_HybridStore->stake_claim()
#3 /home/vagrant/wordpress/wordpress/wp-content/plugins/woocommerce/packages/action-scheduler/classes/ActionScheduler_QueueRunner.php(139): ActionScheduler_QueueRunner->do_batch()
#4 /home/vagrant/wordpress/wordpress/wp-includes/class-wp-hook.php(324): ActionScheduler_QueueRunner->run()
#5 /home/vagrant/wordpress/wordpress/wp-includes/class-wp-hook.php(348): WP_Hook->apply_filters()
#6 /home/vagrant/wordpress/wordpress/wp-includes/plugin.php(565): WP_Hook->do_action()
#7 /home/vagrant/wordpress/wordpress/wp-cron.php(191): do_action_ref_array()
#8 {main}
  thrown in /home/vagrant/wordpress/wordpress/wp-content/plugins/woocommerce/packages/action-scheduler/classes/data-stores/ActionScheduler_DBStore.php on line 942

2024-02-16T12:08:53+00:00 CRITICAL Uncaught RuntimeException: Unable to claim actions. Database error: Table 'baseapp.wp_actionscheduler_actions' doesn't exist. in /home/vagrant/wordpress/wordpress/wp-content/plugins/woocommerce/packages/action-scheduler/classes/data-stores/ActionScheduler_DBStore.php:942
Stack trace:
#0 /home/vagrant/wordpress/wordpress/wp-content/plugins/woocommerce/packages/action-scheduler/classes/data-stores/ActionScheduler_DBStore.php(799): ActionScheduler_DBStore->claim_actions()
#1 /home/vagrant/wordpress/wordpress/wp-content/plugins/woocommerce/packages/action-scheduler/classes/data-stores/ActionScheduler_HybridStore.php(221): ActionScheduler_DBStore->stake_claim()
#2 /home/vagrant/wordpress/wordpress/wp-content/plugins/woocommerce/packages/action-scheduler/classes/ActionScheduler_QueueRunner.php(160): ActionScheduler_HybridStore->stake_claim()
#3 /home/vagrant/wordpress/wordpress/wp-content/plugins/woocommerce/packages/action-scheduler/classes/ActionScheduler_QueueRunner.php(139): ActionScheduler_QueueRunner->do_batch()
#4 /home/vagrant/wordpress/wordpress/wp-includes/class-wp-hook.php(324): ActionScheduler_QueueRunner->run()
#5 /home/vagrant/wordpress/wordpress/wp-includes/class-wp-hook.php(348): WP_Hook->apply_filters()
#6 /home/vagrant/wordpress/wordpress/wp-includes/plugin.php(565): WP_Hook->do_action()
#7 /home/vagrant/wordpress/wordpress/wp-cron.php(191): do_action_ref_array()
#8 {main}
  thrown in /home/vagrant/wordpress/wordpress/wp-content/plugins/woocommerce/packages/action-scheduler/classes/data-stores/ActionScheduler_DBStore.php on line 942

2024-02-16T12:10:56+00:00 CRITICAL Uncaught RuntimeException: Unable to claim actions. Database error: Table 'baseapp.wp_actionscheduler_actions' doesn't exist. in /home/vagrant/wordpress/wordpress/wp-content/plugins/woocommerce/packages/action-scheduler/classes/data-stores/ActionScheduler_DBStore.php:942
Stack trace:
#0 /home/vagrant/wordpress/wordpress/wp-content/plugins/woocommerce/packages/action-scheduler/classes/data-stores/ActionScheduler_DBStore.php(799): ActionScheduler_DBStore->claim_actions()
#1 /home/vagrant/wordpress/wordpress/wp-content/plugins/woocommerce/packages/action-scheduler/classes/data-stores/ActionScheduler_HybridStore.php(221): ActionScheduler_DBStore->stake_claim()
#2 /home/vagrant/wordpress/wordpress/wp-content/plugins/woocommerce/packages/action-scheduler/classes/ActionScheduler_QueueRunner.php(160): ActionScheduler_HybridStore->stake_claim()
#3 /home/vagrant/wordpress/wordpress/wp-content/plugins/woocommerce/packages/action-scheduler/classes/ActionScheduler_QueueRunner.php(139): ActionScheduler_QueueRunner->do_batch()
#4 /home/vagrant/wordpress/wordpress/wp-includes/class-wp-hook.php(324): ActionScheduler_QueueRunner->run()
#5 /home/vagrant/wordpress/wordpress/wp-includes/class-wp-hook.php(348): WP_Hook->apply_filters()
#6 /home/vagrant/wordpress/wordpress/wp-includes/plugin.php(565): WP_Hook->do_action()
#7 /home/vagrant/wordpress/wordpress/wp-cron.php(191): do_action_ref_array()
#8 {main}
  thrown in /home/vagrant/wordpress/wordpress/wp-content/plugins/woocommerce/packages/action-scheduler/classes/data-stores/ActionScheduler_DBStore.php on line 942

2024-02-16T12:12:56+00:00 CRITICAL Uncaught RuntimeException: Unable to claim actions. Database error: Table 'baseapp.wp_actionscheduler_actions' doesn't exist. in /home/vagrant/wordpress/wordpress/wp-content/plugins/woocommerce/packages/action-scheduler/classes/data-stores/ActionScheduler_DBStore.php:942
Stack trace:
#0 /home/vagrant/wordpress/wordpress/wp-content/plugins/woocommerce/packages/action-scheduler/classes/data-stores/ActionScheduler_DBStore.php(799): ActionScheduler_DBStore->claim_actions()
#1 /home/vagrant/wordpress/wordpress/wp-content/plugins/woocommerce/packages/action-scheduler/classes/data-stores/ActionScheduler_HybridStore.php(221): ActionScheduler_DBStore->stake_claim()
#2 /home/vagrant/wordpress/wordpress/wp-content/plugins/woocommerce/packages/action-scheduler/classes/ActionScheduler_QueueRunner.php(160): ActionScheduler_HybridStore->stake_claim()
#3 /home/vagrant/wordpress/wordpress/wp-content/plugins/woocommerce/packages/action-scheduler/classes/ActionScheduler_QueueRunner.php(139): ActionScheduler_QueueRunner->do_batch()
#4 /home/vagrant/wordpress/wordpress/wp-includes/class-wp-hook.php(324): ActionScheduler_QueueRunner->run()
#5 /home/vagrant/wordpress/wordpress/wp-includes/class-wp-hook.php(348): WP_Hook->apply_filters()
#6 /home/vagrant/wordpress/wordpress/wp-includes/plugin.php(565): WP_Hook->do_action()
#7 /home/vagrant/wordpress/wordpress/wp-cron.php(191): do_action_ref_array()
#8 {main}
  thrown in /home/vagrant/wordpress/wordpress/wp-content/plugins/woocommerce/packages/action-scheduler/classes/data-stores/ActionScheduler_DBStore.php on line 942

2024-02-16T12:18:03+00:00 CRITICAL Uncaught RuntimeException: Unable to claim actions. Database error: Table 'baseapp.wp_actionscheduler_actions' doesn't exist. in /home/vagrant/wordpress/wordpress/wp-content/plugins/woocommerce/packages/action-scheduler/classes/data-stores/ActionScheduler_DBStore.php:942
Stack trace:
#0 /home/vagrant/wordpress/wordpress/wp-content/plugins/woocommerce/packages/action-scheduler/classes/data-stores/ActionScheduler_DBStore.php(799): ActionScheduler_DBStore->claim_actions()
#1 /home/vagrant/wordpress/wordpress/wp-content/plugins/woocommerce/packages/action-scheduler/classes/data-stores/ActionScheduler_HybridStore.php(221): ActionScheduler_DBStore->stake_claim()
#2 /home/vagrant/wordpress/wordpress/wp-content/plugins/woocommerce/packages/action-scheduler/classes/ActionScheduler_QueueRunner.php(160): ActionScheduler_HybridStore->stake_claim()
#3 /home/vagrant/wordpress/wordpress/wp-content/plugins/woocommerce/packages/action-scheduler/classes/ActionScheduler_QueueRunner.php(139): ActionScheduler_QueueRunner->do_batch()
#4 /home/vagrant/wordpress/wordpress/wp-includes/class-wp-hook.php(324): ActionScheduler_QueueRunner->run()
#5 /home/vagrant/wordpress/wordpress/wp-includes/class-wp-hook.php(348): WP_Hook->apply_filters()
#6 /home/vagrant/wordpress/wordpress/wp-includes/plugin.php(565): WP_Hook->do_action()
#7 /home/vagrant/wordpress/wordpress/wp-cron.php(191): do_action_ref_array()
#8 {main}
  thrown in /home/vagrant/wordpress/wordpress/wp-content/plugins/woocommerce/packages/action-scheduler/classes/data-stores/ActionScheduler_DBStore.php on line 942

2024-02-16T12:19:24+00:00 CRITICAL Uncaught RuntimeException: Unable to claim actions. Database error: Table 'baseapp.wp_actionscheduler_actions' doesn't exist. in /home/vagrant/wordpress/wordpress/wp-content/plugins/woocommerce/packages/action-scheduler/classes/data-stores/ActionScheduler_DBStore.php:942
Stack trace:
#0 /home/vagrant/wordpress/wordpress/wp-content/plugins/woocommerce/packages/action-scheduler/classes/data-stores/ActionScheduler_DBStore.php(799): ActionScheduler_DBStore->claim_actions()
#1 /home/vagrant/wordpress/wordpress/wp-content/plugins/woocommerce/packages/action-scheduler/classes/data-stores/ActionScheduler_HybridStore.php(221): ActionScheduler_DBStore->stake_claim()
#2 /home/vagrant/wordpress/wordpress/wp-content/plugins/woocommerce/packages/action-scheduler/classes/ActionScheduler_QueueRunner.php(160): ActionScheduler_HybridStore->stake_claim()
#3 /home/vagrant/wordpress/wordpress/wp-content/plugins/woocommerce/packages/action-scheduler/classes/ActionScheduler_QueueRunner.php(139): ActionScheduler_QueueRunner->do_batch()
#4 /home/vagrant/wordpress/wordpress/wp-includes/class-wp-hook.php(324): ActionScheduler_QueueRunner->run()
#5 /home/vagrant/wordpress/wordpress/wp-includes/class-wp-hook.php(348): WP_Hook->apply_filters()
#6 /home/vagrant/wordpress/wordpress/wp-includes/plugin.php(565): WP_Hook->do_action()
#7 /home/vagrant/wordpress/wordpress/wp-cron.php(191): do_action_ref_array()
#8 {main}
  thrown in /home/vagrant/wordpress/wordpress/wp-content/plugins/woocommerce/packages/action-scheduler/classes/data-stores/ActionScheduler_DBStore.php on line 942

2024-02-16T12:20:29+00:00 CRITICAL Uncaught RuntimeException: Unable to claim actions. Database error: Table 'baseapp.wp_actionscheduler_actions' doesn't exist. in /home/vagrant/wordpress/wordpress/wp-content/plugins/woocommerce/packages/action-scheduler/classes/data-stores/ActionScheduler_DBStore.php:942
Stack trace:
#0 /home/vagrant/wordpress/wordpress/wp-content/plugins/woocommerce/packages/action-scheduler/classes/data-stores/ActionScheduler_DBStore.php(799): ActionScheduler_DBStore->claim_actions()
#1 /home/vagrant/wordpress/wordpress/wp-content/plugins/woocommerce/packages/action-scheduler/classes/data-stores/ActionScheduler_HybridStore.php(221): ActionScheduler_DBStore->stake_claim()
#2 /home/vagrant/wordpress/wordpress/wp-content/plugins/woocommerce/packages/action-scheduler/classes/ActionScheduler_QueueRunner.php(160): ActionScheduler_HybridStore->stake_claim()
#3 /home/vagrant/wordpress/wordpress/wp-content/plugins/woocommerce/packages/action-scheduler/classes/ActionScheduler_QueueRunner.php(139): ActionScheduler_QueueRunner->do_batch()
#4 /home/vagrant/wordpress/wordpress/wp-includes/class-wp-hook.php(324): ActionScheduler_QueueRunner->run()
#5 /home/vagrant/wordpress/wordpress/wp-includes/class-wp-hook.php(348): WP_Hook->apply_filters()
#6 /home/vagrant/wordpress/wordpress/wp-includes/plugin.php(565): WP_Hook->do_action()
#7 /home/vagrant/wordpress/wordpress/wp-cron.php(191): do_action_ref_array()
#8 {main}
  thrown in /home/vagrant/wordpress/wordpress/wp-content/plugins/woocommerce/packages/action-scheduler/classes/data-stores/ActionScheduler_DBStore.php on line 942

2024-02-16T12:21:36+00:00 CRITICAL Uncaught RuntimeException: Unable to claim actions. Database error: Table 'baseapp.wp_actionscheduler_actions' doesn't exist. in /home/vagrant/wordpress/wordpress/wp-content/plugins/woocommerce/packages/action-scheduler/classes/data-stores/ActionScheduler_DBStore.php:942
Stack trace:
#0 /home/vagrant/wordpress/wordpress/wp-content/plugins/woocommerce/packages/action-scheduler/classes/data-stores/ActionScheduler_DBStore.php(799): ActionScheduler_DBStore->claim_actions()
#1 /home/vagrant/wordpress/wordpress/wp-content/plugins/woocommerce/packages/action-scheduler/classes/data-stores/ActionScheduler_HybridStore.php(221): ActionScheduler_DBStore->stake_claim()
#2 /home/vagrant/wordpress/wordpress/wp-content/plugins/woocommerce/packages/action-scheduler/classes/ActionScheduler_QueueRunner.php(160): ActionScheduler_HybridStore->stake_claim()
#3 /home/vagrant/wordpress/wordpress/wp-content/plugins/woocommerce/packages/action-scheduler/classes/ActionScheduler_QueueRunner.php(139): ActionScheduler_QueueRunner->do_batch()
#4 /home/vagrant/wordpress/wordpress/wp-includes/class-wp-hook.php(324): ActionScheduler_QueueRunner->run()
#5 /home/vagrant/wordpress/wordpress/wp-includes/class-wp-hook.php(348): WP_Hook->apply_filters()
#6 /home/vagrant/wordpress/wordpress/wp-includes/plugin.php(565): WP_Hook->do_action()
#7 /home/vagrant/wordpress/wordpress/wp-cron.php(191): do_action_ref_array()
#8 {main}
  thrown in /home/vagrant/wordpress/wordpress/wp-content/plugins/woocommerce/packages/action-scheduler/classes/data-stores/ActionScheduler_DBStore.php on line 942

2024-02-16T12:22:32+00:00 CRITICAL Uncaught RuntimeException: Unable to claim actions. Database error: Table 'baseapp.wp_actionscheduler_actions' doesn't exist. in /home/vagrant/wordpress/wordpress/wp-content/plugins/woocommerce/packages/action-scheduler/classes/data-stores/ActionScheduler_DBStore.php:942
Stack trace:
#0 /home/vagrant/wordpress/wordpress/wp-content/plugins/woocommerce/packages/action-scheduler/classes/data-stores/ActionScheduler_DBStore.php(799): ActionScheduler_DBStore->claim_actions()
#1 /home/vagrant/wordpress/wordpress/wp-content/plugins/woocommerce/packages/action-scheduler/classes/data-stores/ActionScheduler_HybridStore.php(221): ActionScheduler_DBStore->stake_claim()
#2 /home/vagrant/wordpress/wordpress/wp-content/plugins/woocommerce/packages/action-scheduler/classes/ActionScheduler_QueueRunner.php(160): ActionScheduler_HybridStore->stake_claim()
#3 /home/vagrant/wordpress/wordpress/wp-content/plugins/woocommerce/packages/action-scheduler/classes/ActionScheduler_QueueRunner.php(139): ActionScheduler_QueueRunner->do_batch()
#4 /home/vagrant/wordpress/wordpress/wp-includes/class-wp-hook.php(324): ActionScheduler_QueueRunner->run()
#5 /home/vagrant/wordpress/wordpress/wp-includes/class-wp-hook.php(348): WP_Hook->apply_filters()
#6 /home/vagrant/wordpress/wordpress/wp-includes/plugin.php(565): WP_Hook->do_action()
#7 /home/vagrant/wordpress/wordpress/wp-cron.php(191): do_action_ref_array()
#8 {main}
  thrown in /home/vagrant/wordpress/wordpress/wp-content/plugins/woocommerce/packages/action-scheduler/classes/data-stores/ActionScheduler_DBStore.php on line 942

2024-02-16T12:23:44+00:00 CRITICAL Uncaught RuntimeException: Unable to claim actions. Database error: Table 'baseapp.wp_actionscheduler_actions' doesn't exist. in /home/vagrant/wordpress/wordpress/wp-content/plugins/woocommerce/packages/action-scheduler/classes/data-stores/ActionScheduler_DBStore.php:942
Stack trace:
#0 /home/vagrant/wordpress/wordpress/wp-content/plugins/woocommerce/packages/action-scheduler/classes/data-stores/ActionScheduler_DBStore.php(799): ActionScheduler_DBStore->claim_actions()
#1 /home/vagrant/wordpress/wordpress/wp-content/plugins/woocommerce/packages/action-scheduler/classes/data-stores/ActionScheduler_HybridStore.php(221): ActionScheduler_DBStore->stake_claim()
#2 /home/vagrant/wordpress/wordpress/wp-content/plugins/woocommerce/packages/action-scheduler/classes/ActionScheduler_QueueRunner.php(160): ActionScheduler_HybridStore->stake_claim()
#3 /home/vagrant/wordpress/wordpress/wp-content/plugins/woocommerce/packages/action-scheduler/classes/ActionScheduler_QueueRunner.php(139): ActionScheduler_QueueRunner->do_batch()
#4 /home/vagrant/wordpress/wordpress/wp-includes/class-wp-hook.php(324): ActionScheduler_QueueRunner->run()
#5 /home/vagrant/wordpress/wordpress/wp-includes/class-wp-hook.php(348): WP_Hook->apply_filters()
#6 /home/vagrant/wordpress/wordpress/wp-includes/plugin.php(565): WP_Hook->do_action()
#7 /home/vagrant/wordpress/wordpress/wp-cron.php(191): do_action_ref_array()
#8 {main}
  thrown in /home/vagrant/wordpress/wordpress/wp-content/plugins/woocommerce/packages/action-scheduler/classes/data-stores/ActionScheduler_DBStore.php on line 942

2024-02-16T12:24:47+00:00 CRITICAL Uncaught RuntimeException: Unable to claim actions. Database error: Table 'baseapp.wp_actionscheduler_actions' doesn't exist. in /home/vagrant/wordpress/wordpress/wp-content/plugins/woocommerce/packages/action-scheduler/classes/data-stores/ActionScheduler_DBStore.php:942
Stack trace:
#0 /home/vagrant/wordpress/wordpress/wp-content/plugins/woocommerce/packages/action-scheduler/classes/data-stores/ActionScheduler_DBStore.php(799): ActionScheduler_DBStore->claim_actions()
#1 /home/vagrant/wordpress/wordpress/wp-content/plugins/woocommerce/packages/action-scheduler/classes/data-stores/ActionScheduler_HybridStore.php(221): ActionScheduler_DBStore->stake_claim()
#2 /home/vagrant/wordpress/wordpress/wp-content/plugins/woocommerce/packages/action-scheduler/classes/ActionScheduler_QueueRunner.php(160): ActionScheduler_HybridStore->stake_claim()
#3 /home/vagrant/wordpress/wordpress/wp-content/plugins/woocommerce/packages/action-scheduler/classes/ActionScheduler_QueueRunner.php(139): ActionScheduler_QueueRunner->do_batch()
#4 /home/vagrant/wordpress/wordpress/wp-includes/class-wp-hook.php(324): ActionScheduler_QueueRunner->run()
#5 /home/vagrant/wordpress/wordpress/wp-includes/class-wp-hook.php(348): WP_Hook->apply_filters()
#6 /home/vagrant/wordpress/wordpress/wp-includes/plugin.php(565): WP_Hook->do_action()
#7 /home/vagrant/wordpress/wordpress/wp-cron.php(191): do_action_ref_array()
#8 {main}
  thrown in /home/vagrant/wordpress/wordpress/wp-content/plugins/woocommerce/packages/action-scheduler/classes/data-stores/ActionScheduler_DBStore.php on line 942

2024-02-16T12:48:05+00:00 CRITICAL Uncaught Error: Call to undefined function WordfenceLS\get_current_site() in /home/vagrant/wordpress/wordpress/wp-content/plugins/wordfence/modules/login-security/classes/controller/permissions.php:128
Stack trace:
#0 /home/vagrant/wordpress/wordpress/wp-includes/class-wp-hook.php(324): WordfenceLS\Controller_Permissions->_role_sync_cron()
#1 /home/vagrant/wordpress/wordpress/wp-includes/class-wp-hook.php(348): WP_Hook->apply_filters()
#2 /home/vagrant/wordpress/wordpress/wp-includes/plugin.php(565): WP_Hook->do_action()
#3 /home/vagrant/wordpress/wordpress/wp-cron.php(191): do_action_ref_array()
#4 {main}
  thrown in /home/vagrant/wordpress/wordpress/wp-content/plugins/wordfence/modules/login-security/classes/controller/permissions.php on line 128

